DEB [20210514-06:07:07.200] thr=1   paramiko.transport: starting thread (server mode): 0x167912b0
DEB [20210514-06:07:07.201] thr=1   paramiko.transport: Local version/idstring: SSH-2.0-OPENSSH_6.6.1.1p1 Ubuntu 2ubuntu2.10
DEB [20210514-06:07:07.201] thr=1   paramiko.transport: Remote version/idstring: SSH-2.0-OpenSSH_8.2p1 Ubuntu-4ubuntu0.2
INF [20210514-06:07:07.201] thr=1   paramiko.transport: Connected (version 2.0, client OpenSSH_8.2p1)
DEB [20210514-06:07:07.203] thr=1   paramiko.transport: kex algos:['curve25519-sha256', 'curve25519-sha256@libssh.org', 'ecdh-sha2-nistp256', 'ecdh-sha2-nistp384', 'ecdh-sha2-nistp521', 'diffie-hellman-group-exchange-sha256', 'diffie-hellman-group16-sha512', 'diffie-hellman-group18-sha512', 'diffie-hellman-group14-sha256', 'ext-info-c'] server key:['rsa-sha2-512-cert-v01@openssh.com', 'rsa-sha2-256-cert-v01@openssh.com', 'ssh-rsa-cert-v01@openssh.com', 'rsa-sha2-512', 'rsa-sha2-256', 'ssh-rsa', 'ecdsa-sha2-nistp256-cert-v01@openssh.com', 'ecdsa-sha2-nistp384-cert-v01@openssh.com', 'ecdsa-sha2-nistp521-cert-v01@openssh.com', 'sk-ecdsa-sha2-nistp256-cert-v01@openssh.com', 'ssh-ed25519-cert-v01@openssh.com', 'sk-ssh-ed25519-cert-v01@openssh.com', 'ecdsa-sha2-nistp256', 'ecdsa-sha2-nistp384', 'ecdsa-sha2-nistp521', 'sk-ecdsa-sha2-nistp256@openssh.com', 'ssh-ed25519', 'sk-ssh-ed25519@openssh.com'] client encrypt:['chacha20-poly1305@openssh.com', 'aes128-ctr', 'aes192-ctr', 'aes256-ctr', 'aes128-gcm@openssh.com', 'aes256-gcm@openssh.com'] server encrypt:['chacha20-poly1305@openssh.com', 'aes128-ctr', 'aes192-ctr', 'aes256-ctr', 'aes128-gcm@openssh.com', 'aes256-gcm@openssh.com'] client mac:['umac-64-etm@openssh.com', 'umac-128-etm@openssh.com', 'hmac-sha2-256-etm@openssh.com', 'hmac-sha2-512-etm@openssh.com', 'hmac-sha1-etm@openssh.com', 'umac-64@openssh.com', 'umac-128@openssh.com', 'hmac-sha2-256', 'hmac-sha2-512', 'hmac-sha1'] server mac:['umac-64-etm@openssh.com', 'umac-128-etm@openssh.com', 'hmac-sha2-256-etm@openssh.com', 'hmac-sha2-512-etm@openssh.com', 'hmac-sha1-etm@openssh.com', 'umac-64@openssh.com', 'umac-128@openssh.com', 'hmac-sha2-256', 'hmac-sha2-512', 'hmac-sha1'] client compress:['none', 'zlib@openssh.com', 'zlib'] server compress:['none', 'zlib@openssh.com', 'zlib'] client lang:[''] server lang:[''] kex follows?False
DEB [20210514-06:07:07.203] thr=1   paramiko.transport: Kex agreed: curve25519-sha256@libssh.org
DEB [20210514-06:07:07.203] thr=1   paramiko.transport: HostKey agreed: ssh-rsa
DEB [20210514-06:07:07.203] thr=1   paramiko.transport: Cipher agreed: aes128-ctr
DEB [20210514-06:07:07.203] thr=1   paramiko.transport: MAC agreed: hmac-sha2-256-etm@openssh.com
DEB [20210514-06:07:07.203] thr=1   paramiko.transport: Compression agreed: none
DEB [20210514-06:07:07.218] thr=1   paramiko.transport: kex engine KexCurve25519 specified hash_algo <built-in function openssl_sha256>
DEB [20210514-06:07:07.219] thr=1   paramiko.transport: Switch to new keys ...
DEB [20210514-06:07:07.222] thr=1   paramiko.transport: Auth request (type=none) service=ssh-connection, username=root
INF [20210514-06:07:07.222] thr=1   paramiko.transport: Auth rejected (none).
DEB [20210514-06:07:09.372] thr=1   paramiko.transport: Auth request (type=password) service=ssh-connection, username=root
INF [20210514-06:07:09.372] thr=1   paramiko.transport: Auth granted (password).
DEB [20210514-06:07:09.372] thr=1   paramiko.transport: [chan 0] Max packet in: 32768 bytes
DEB [20210514-06:07:09.372] thr=1   paramiko.transport: [chan 0] Max packet out: 16384 bytes
DEB [20210514-06:07:09.372] thr=1   paramiko.transport: Secsh channel 0 (session) opened.
DEB [20210514-06:07:13.579] thr=2   paramiko.transport: [chan 0] EOF sent (0)
INF [20210514-06:07:13.581] thr=1   paramiko.transport: Disconnect (code 11): disconnected by user
